<?xml version="1.0" encoding="UTF-8"?>
<!-- Generated by org.testng.reporters.JUnitXMLReporter -->
<testsuite hostname="HCLT-PC5929-1" ignored="0" name="POC_Test1" tests="1" failures="1" timestamp="21 Sep 2020 14:56:25 GMT" time="219.075" errors="0">
  <testcase name="TC_ApproveAllRequisition" time="213.379" classname="com.hcl.smartrecruit.testscripts.ApproveAllRequisition">
    <failure type="java.lang.AssertionError" message="Unable to performe action on Approve Requistion Stage1">
      <![CDATA[java.lang.AssertionError: Unable to performe action on Approve Requistion Stage1
at com.hcl.smartrecruit.pages.ApproveAllRequisition_Page.approveRequistionStage1(ApproveAllRequisition_Page.java:106)
at com.hcl.smartrecruit.testscripts.ApproveAllRequisition.TC_ApproveAllRequisition(ApproveAllRequisition.java:44)
... Removed 26 stack frames]]>
    </failure>
  </testcase> <!-- TC_ApproveAllRequisition -->
</testsuite> <!-- POC_Test1 -->
