<html>
<head>
<title>TestNG:  POC_Test1</title>
<link href="../testng.css" rel="stylesheet" type="text/css" />
<link href="../my-testng.css" rel="stylesheet" type="text/css" />

<style type="text/css">
.log { display: none;} 
.stack-trace { display: none;} 
</style>
<script type="text/javascript">
<!--
function flip(e) {
  current = e.style.display;
  if (current == 'block') {
    e.style.display = 'none';
    return 0;
  }
  else {
    e.style.display = 'block';
    return 1;
  }
}

function toggleBox(szDivId, elem, msg1, msg2)
{
  var res = -1;  if (document.getElementById) {
    res = flip(document.getElementById(szDivId));
  }
  else if (document.all) {
    // this is the way old msie versions work
    res = flip(document.all[szDivId]);
  }
  if(elem) {
    if(res == 0) elem.innerHTML = msg1; else elem.innerHTML = msg2;
  }

}

function toggleAllBoxes() {
  if (document.getElementsByTagName) {
    d = document.getElementsByTagName('div');
    for (i = 0; i < d.length; i++) {
      if (d[i].className == 'log') {
        flip(d[i]);
      }
    }
  }
}

// -->
</script>

</head>
<body>
<h2 align='center'>POC_Test1</h2><table border='1' align="center">
<tr>
<td>Tests passed/Failed/Skipped:</td><td>0/1/0</td>
</tr><tr>
<td>Started on:</td><td>Sat Sep 19 01:45:55 IST 2020</td>
</tr>
<tr><td>Total time:</td><td>47 seconds (47845 ms)</td>
</tr><tr>
<td>Included groups:</td><td></td>
</tr><tr>
<td>Excluded groups:</td><td></td>
</tr>
</table><p/>
<small><i>(Hover the method name to see the test class name)</i></small><p/>
<table width='100%' border='1' class='invocation-failed'>
<tr><td colspan='4' align='center'><b>FAILED TESTS</b></td></tr>
<tr><td><b>Test method</b></td>
<td width="30%"><b>Exception</b></td>
<td width="10%"><b>Time (seconds)</b></td>
<td><b>Instance</b></td>
</tr>
<tr>
<td title='com.hcl.smartrecruit.testscripts.CreateNewRequisition.TC_CreateNewRequisitionForm()'><b>TC_CreateNewRequisitionForm</b><br>Test class: com.hcl.smartrecruit.testscripts.CreateNewRequisition<br>Test method: Create Requisition<br>Parameters: TECH/CSW, HCLT - BPR - Smart Recruit (Z/070006), Javascript,  MVC, Admin lead, Admin lead, Full time FTE, E3, E3.1, ENOI, ENOI, 1-3 Years, 4, Senior Analyst, Noida-Sec-16, A-11, CLIENT LOCATION, Andhra Pradesh, Krishna, Non Billable, KEDARNATH BHARADWAJ (40104187), Saravanan Rangamannar (40103492), Approved<br/>
<a href="#Output-215478702" onClick='toggleBox("Output-215478702", this, "Show output", "Hide output");'>Show output</a>

<a href="#Output-215478702" onClick="toggleAllBoxes();">Show all outputs</a>
<div class='log' id="Output-215478702">
Enter the value into  EmployeeID Text box<br/>
Enter the value into  Password Text box<br/>
Clicking on  Login button<br/>
Verify Login button is Clickable or Not<br/>
Clicking on  New Requisition option<br/>
Verify New Requisition option is Clickable or Not<br/>
Clicking on  RequestType dropdown<br/>
Verify RequestType dropdown is Clickable or Not<br/>
Clicking on  New resource request<br/>
Verify New resource request is Clickable or Not<br/>
Clicking on  Id skill text box<br/>
Verify Id skill text box is Clickable or Not<br/>
Enter the value into SkillDetail text box<br/>
Clicking on  Plus button under skills<br/>
Verify Plus button under skills is Clickable or Not<br/>
Click on Element Primary Radio Button<br/>
Clicking on  Done button <br/>
Verify Done button  is Clickable or Not<br/>
Clicking on  Job tex box detail <br/>
Verify Job tex box detail  is Clickable or Not<br/>
Enter the value into Job text box <br/>
no such element: Unable to locate element: {"method":"xpath","selector":"//div[text()='Admin lead']"}
  (Session info: chrome=85.0.4183.102)
For documentation on this error, please visit: https://www.seleniumhq.org/exceptions/no_such_element.html
Build info: version: '3.141.59', revision: 'e82be7d358', time: '2018-11-14T08:25:53'
System info: host: 'HCLT-PC5929-1', ip: '10.98.101.172', os.name: 'Windows Server 2016', os.arch: 'amd64', os.version: '10.0', java.version: '1.8.0_151'
Driver info: org.openqa.selenium.remote.RemoteWebDriver
Capabilities {acceptInsecureCerts: false, browserName: chrome, browserVersion: 85.0.4183.102, chrome: {chromedriverVersion: 84.0.4147.30 (48b3e868b4cc0..., userDataDir: C:\Users\gupta.ami\AppData\...}, goog:chromeOptions: {debuggerAddress: localhost:51816}, javascriptEnabled: true, networkConnectionEnabled: false, pageLoadStrategy: normal, platform: WINDOWS, platformName: WINDOWS, proxy: Proxy(), setWindowRect: true, strictFileInteractability: false, timeouts: {implicit: 0, pageLoad: 300000, script: 30000}, unhandledPromptBehavior: dismiss and notify, webauthn:virtualAuthenticators: true, webdriver.remote.sessionid: 0d0b7f0d46d3047e8c84321a133...}
Session ID: 0d0b7f0d46d3047e8c84321a133d469f
*** Element info: {Using=xpath, value=//div[text()='Admin lead']}<br/>
Unable to performe action on Job Details <br/>
</div>
</td>
<td><div><pre>java.lang.AssertionError: Unable to performe action on Job Details 
	at com.hcl.smartrecruit.pages.RequisitionRequest_Page.jobDetails(RequisitionRequest_Page.java:386)
	at com.hcl.smartrecruit.testscripts.CreateNewRequisition.TC_CreateNewRequisitionForm(CreateNewRequisition.java:30)
... Removed 26 stack frames</pre></div><a href='#' onClick='toggleBox("stack-trace215478702", this, "Click to show all stack frames", "Click to hide stack frames")'>Click to show all stack frames</a>
<div class='stack-trace' id='stack-trace215478702'><pre>java.lang.AssertionError: Unable to performe action on Job Details 
	at org.testng.Assert.fail(Assert.java:96)
	at com.hcl.smartrecruit.pages.RequisitionRequest_Page.jobDetails(RequisitionRequest_Page.java:386)
	at com.hcl.smartrecruit.testscripts.CreateNewRequisition.TC_CreateNewRequisitionForm(CreateNewRequisition.java:30)
	at sun.reflect.NativeMethodAccessorImpl.invoke0(Native Method)
	at sun.reflect.NativeMethodAccessorImpl.invoke(Unknown Source)
	at sun.reflect.DelegatingMethodAccessorImpl.invoke(Unknown Source)
	at java.lang.reflect.Method.invoke(Unknown Source)
	at org.testng.internal.MethodInvocationHelper.invokeMethod(MethodInvocationHelper.java:124)
	at org.testng.internal.Invoker.invokeMethod(Invoker.java:583)
	at org.testng.internal.Invoker.invokeTestMethod(Invoker.java:719)
	at org.testng.internal.Invoker.invokeTestMethods(Invoker.java:989)
	at org.testng.internal.TestMethodWorker.invokeTestMethods(TestMethodWorker.java:125)
	at org.testng.internal.TestMethodWorker.run(TestMethodWorker.java:109)
	at org.testng.TestRunner.privateRun(TestRunner.java:648)
	at org.testng.TestRunner.run(TestRunner.java:505)
	at org.testng.SuiteRunner.runTest(SuiteRunner.java:455)
	at org.testng.SuiteRunner.runSequentially(SuiteRunner.java:450)
	at org.testng.SuiteRunner.privateRun(SuiteRunner.java:415)
	at org.testng.SuiteRunner.run(SuiteRunner.java:364)
	at org.testng.SuiteRunnerWorker.runSuite(SuiteRunnerWorker.java:52)
	at org.testng.SuiteRunnerWorker.run(SuiteRunnerWorker.java:84)
	at org.testng.TestNG.runSuitesSequentially(TestNG.java:1208)
	at org.testng.TestNG.runSuitesLocally(TestNG.java:1137)
	at org.testng.TestNG.runSuites(TestNG.java:1049)
	at org.testng.TestNG.run(TestNG.java:1017)
	at org.testng.remote.AbstractRemoteTestNG.run(AbstractRemoteTestNG.java:132)
	at org.testng.remote.RemoteTestNG.initAndRun(RemoteTestNG.java:230)
	at org.testng.remote.RemoteTestNG.main(RemoteTestNG.java:76)
</pre></div></td>
<td>42</td>
<td>com.hcl.smartrecruit.testscripts.CreateNewRequisition@528c868</td></tr>
</table><p>
</body>
</html>