<?xml version="1.0" encoding="UTF-8"?>
<!-- Generated by org.testng.reporters.JUnitXMLReporter -->
<testsuite hostname="Vinay" ignored="62" name="Cropin_Test1" tests="32" failures="2" timestamp="03 Dec 2020 09:55:55 GMT" time="1937.253" errors="0">
  <testcase name="testUserRole" time="34.865" classname="com.cropin.testscripts.TC_Role_01"/>
  <testcase name="testWebAndMobileToggle" time="35.063" classname="com.cropin.testscripts.TC_Role_02"/>
  <testcase name="testSearchAndDelete" time="37.441" classname="com.cropin.testscripts.TC_Role_03"/>
  <testcase name="testAddUser" time="108.813" classname="com.cropin.testscripts.TC_User_01"/>
  <testcase name="testSearchAndDelete" time="28.96" classname="com.cropin.testscripts.TC_User_02"/>
  <testcase name="testSearchSubCompany" time="29.913" classname="com.cropin.testscripts.TC_SubCompany_02"/>
  <testcase name="testAddContractor" time="64.891" classname="com.cropin.testscripts.TC_Contractor_01"/>
  <testcase name="testDownloadTemplate" time="26.424" classname="com.cropin.testscripts.TC_Contractor_02"/>
  <testcase name="testUploadTemplate" time="82.031" classname="com.cropin.testscripts.TC_Contractor_03"/>
  <testcase name="testSearch_And_Delete" time="40.905" classname="com.cropin.testscripts.TC_Contractor_04"/>
  <testcase name="testAddFarmResource" time="62.36" classname="com.cropin.testscripts.TC_Resource_01"/>
  <testcase name="testDownloadTemplate" time="24.515" classname="com.cropin.testscripts.TC_Resource_02"/>
  <testcase name="testUploadTemplate" time="79.102" classname="com.cropin.testscripts.TC_Resource_03"/>
  <testcase name="testUploadTemplate" time="37.749" classname="com.cropin.testscripts.TC_Resource_04"/>
  <testcase name="testCreatePlan" time="89.604" classname="com.cropin.testscripts.TC_Plantype_01"/>
  <testcase name="testEditPlan" time="35.864" classname="com.cropin.testscripts.TC_Plantype_02"/>
  <testcase name="testEnableToggle" time="51.911" classname="com.cropin.testscripts.TC_Plantype_03"/>
  <testcase name="testConditionalAttribute" time="27.124" classname="com.cropin.testscripts.TC_Plantype_04"/>
  <testcase name="testCalculatedAttribute" time="72.002" classname="com.cropin.testscripts.TC_Plantype_05"/>
  <testcase name="testAddFarmer" time="68.055" classname="com.cropin.testscripts.TC_Farmer_01"/>
  <testcase name="testAssignmentFarmer" time="31.033" classname="com.cropin.testscripts.TC_Farmer_04"/>
  <testcase name="testDownloadBulkTemp" time="24.179" classname="com.cropin.testscripts.TC_Farmer_05"/>
  <testcase name="testUploadBulkTemp" time="99.989" classname="com.cropin.testscripts.TC_Farmer_06"/>
  <testcase name="testCreateCropVariety" time="63.996" classname="com.cropin.testscripts.TC_Crop_01">
    <failure type="org.openqa.selenium.NoSuchElementException" message="no such element: Unable to locate element: {&amp;quot;method&amp;quot;:&amp;quot;xpath&amp;quot;,&amp;quot;selector&amp;quot;:&amp;quot;//table/tbody/tr[*]/td[2][text()=&amp;apos; Wheat &amp;apos;]/../../tr[*]/td[2]/span/span/a[text()=&amp;apos;WhiteWheat20&amp;apos;]&amp;quot;}
  (Session info: chrome=87.0.4280.66)
For documentation on this error, please visit: https://www.seleniumhq.org/exceptions/no_such_element.html
Build info: version: &amp;apos;3.141.59&amp;apos;, revision: &amp;apos;e82be7d358&amp;apos;, time: &amp;apos;2018-11-14T08:25:53&amp;apos;
System info: host: &amp;apos;VINAY&amp;apos;, ip: &amp;apos;192.168.0.102&amp;apos;, os.name: &amp;apos;Windows 8.1&amp;apos;, os.arch: &amp;apos;amd64&amp;apos;, os.version: &amp;apos;6.3&amp;apos;, java.version: &amp;apos;1.8.0_241&amp;apos;
Driver info: org.openqa.selenium.chrome.ChromeDriver
Capabilities {acceptInsecureCerts: false, browserName: chrome, browserVersion: 87.0.4280.66, chrome: {chromedriverVersion: 87.0.4280.20 (c99e81631faa0..., userDataDir: C:\Users\VINAYS~1\AppData\L...}, goog:chromeOptions: {debuggerAddress: localhost:62743}, javascriptEnabled: true, networkConnectionEnabled: false, pageLoadStrategy: normal, platform: WINDOWS, platformName: WINDOWS, proxy: Proxy(), setWindowRect: true, strictFileInteractability: false, timeouts: {implicit: 0, pageLoad: 300000, script: 30000}, unhandledPromptBehavior: dismiss and notify, webauthn:virtualAuthenticators: true}
Session ID: bfe858e816acaf5ec1990b87dc6afd25
*** Element info: {Using=xpath, value=//table/tbody/tr[*]/td[2][text()=&amp;apos; Wheat &amp;apos;]/../../tr[*]/td[2]/span/span/a[text()=&amp;apos;WhiteWheat20&amp;apos;]}">
      <![CDATA[org.openqa.selenium.NoSuchElementException: no such element: Unable to locate element: {"method":"xpath","selector":"//table/tbody/tr[*]/td[2][text()=' Wheat ']/../../tr[*]/td[2]/span/span/a[text()='WhiteWheat20']"}
  (Session info: chrome=87.0.4280.66)
For documentation on this error, please visit: https://www.seleniumhq.org/exceptions/no_such_element.html
Build info: version: '3.141.59', revision: 'e82be7d358', time: '2018-11-14T08:25:53'
System info: host: 'VINAY', ip: '192.168.0.102', os.name: 'Windows 8.1', os.arch: 'amd64', os.version: '6.3', java.version: '1.8.0_241'
Driver info: org.openqa.selenium.chrome.ChromeDriver
Capabilities {acceptInsecureCerts: false, browserName: chrome, browserVersion: 87.0.4280.66, chrome: {chromedriverVersion: 87.0.4280.20 (c99e81631faa0..., userDataDir: C:\Users\VINAYS~1\AppData\L...}, goog:chromeOptions: {debuggerAddress: localhost:62743}, javascriptEnabled: true, networkConnectionEnabled: false, pageLoadStrategy: normal, platform: WINDOWS, platformName: WINDOWS, proxy: Proxy(), setWindowRect: true, strictFileInteractability: false, timeouts: {implicit: 0, pageLoad: 300000, script: 30000}, unhandledPromptBehavior: dismiss and notify, webauthn:virtualAuthenticators: true}
Session ID: bfe858e816acaf5ec1990b87dc6afd25
*** Element info: {Using=xpath, value=//table/tbody/tr[*]/td[2][text()=' Wheat ']/../../tr[*]/td[2]/span/span/a[text()='WhiteWheat20']}
at org.openqa.selenium.remote.http.W3CHttpResponseCodec.createException(W3CHttpResponseCodec.java:187)
at org.openqa.selenium.remote.http.W3CHttpResponseCodec.decode(W3CHttpResponseCodec.java:122)
at org.openqa.selenium.remote.http.W3CHttpResponseCodec.decode(W3CHttpResponseCodec.java:49)
at org.openqa.selenium.remote.HttpCommandExecutor.execute(HttpCommandExecutor.java:158)
at org.openqa.selenium.remote.service.DriverCommandExecutor.execute(DriverCommandExecutor.java:83)
at org.openqa.selenium.remote.RemoteWebDriver.execute(RemoteWebDriver.java:552)
at org.openqa.selenium.remote.RemoteWebDriver.findElement(RemoteWebDriver.java:323)
at org.openqa.selenium.remote.RemoteWebDriver.findElementByXPath(RemoteWebDriver.java:428)
at org.openqa.selenium.By$ByXPath.findElement(By.java:353)
at org.openqa.selenium.remote.RemoteWebDriver.findElement(RemoteWebDriver.java:315)
at com.cropin.pages.CropPage.actualCropVariety(CropPage.java:304)
at com.cropin.pages.CropPage.validateCropVariety(CropPage.java:315)
at com.cropin.testscripts.TC_Crop_01.testCreateCropVariety(TC_Crop_01.java:59)
... Removed 29 stack frames]]>
    </failure>
  </testcase> <!-- testCreateCropVariety -->
  <testcase name="testCreateCropSubVariety" time="68.248" classname="com.cropin.testscripts.TC_Crop_03"/>
  <testcase name="testCreateCropVariety" time="33.63" classname="com.cropin.testscripts.TC_Crop_04">
    <failure type="java.lang.AssertionError" message="Unable to perform action to navigate Plans Icon under Actions">
      <![CDATA[java.lang.AssertionError: Unable to perform action to navigate Plans Icon under Actions
at com.cropin.pages.CropPage.navigateToAddPlan(CropPage.java:484)
at com.cropin.testscripts.TC_Crop_04.testCreateCropVariety(TC_Crop_04.java:40)
... Removed 26 stack frames]]>
    </failure>
  </testcase> <!-- testCreateCropVariety -->
  <testcase name="testAddAsset" time="68.747" classname="com.cropin.testscripts.TC_Asset_01"/>
  <testcase name="testDownloadBulkTemp" time="25.179" classname="com.cropin.testscripts.TC_Asset_04"/>
  <testcase name="testAddAsset" time="97.837" classname="com.cropin.testscripts.TC_Asset_05"/>
  <testcase name="testAddAlert" time="55.145" classname="com.cropin.testscripts.TC_Alerts_01"/>
  <testcase name="testAddAlert" time="45.182" classname="com.cropin.testscripts.TC_Alerts_02"/>
  <testcase name="testAddAlert" time="34.491" classname="com.cropin.testscripts.TC_Alerts_03"/>
  <testcase name="@AfterSuite killTask" time="0.0" classname="com.cropin.baseutil.BaseTest">
    <ignored/>
  </testcase> <!-- @AfterSuite killTask -->
  <testcase name="@AfterSuite killTask" time="0.0" classname="com.cropin.baseutil.BaseTest">
    <ignored/>
  </testcase> <!-- @AfterSuite killTask -->
  <testcase name="@AfterSuite killTask" time="0.0" classname="com.cropin.baseutil.BaseTest">
    <ignored/>
  </testcase> <!-- @AfterSuite killTask -->
  <testcase name="@AfterSuite killTask" time="0.0" classname="com.cropin.baseutil.BaseTest">
    <ignored/>
  </testcase> <!-- @AfterSuite killTask -->
  <testcase name="@AfterSuite killTask" time="0.0" classname="com.cropin.baseutil.BaseTest">
    <ignored/>
  </testcase> <!-- @AfterSuite killTask -->
  <testcase name="@AfterSuite killTask" time="0.0" classname="com.cropin.baseutil.BaseTest">
    <ignored/>
  </testcase> <!-- @AfterSuite killTask -->
  <testcase name="@AfterSuite killTask" time="0.0" classname="com.cropin.baseutil.BaseTest">
    <ignored/>
  </testcase> <!-- @AfterSuite killTask -->
  <testcase name="@AfterSuite killTask" time="0.0" classname="com.cropin.baseutil.BaseTest">
    <ignored/>
  </testcase> <!-- @AfterSuite killTask -->
  <testcase name="@AfterSuite killTask" time="0.0" classname="com.cropin.baseutil.BaseTest">
    <ignored/>
  </testcase> <!-- @AfterSuite killTask -->
  <testcase name="@AfterSuite killTask" time="0.0" classname="com.cropin.baseutil.BaseTest">
    <ignored/>
  </testcase> <!-- @AfterSuite killTask -->
  <testcase name="@AfterSuite killTask" time="0.0" classname="com.cropin.baseutil.BaseTest">
    <ignored/>
  </testcase> <!-- @AfterSuite killTask -->
  <testcase name="@AfterSuite killTask" time="0.0" classname="com.cropin.baseutil.BaseTest">
    <ignored/>
  </testcase> <!-- @AfterSuite killTask -->
  <testcase name="@AfterSuite killTask" time="0.0" classname="com.cropin.baseutil.BaseTest">
    <ignored/>
  </testcase> <!-- @AfterSuite killTask -->
  <testcase name="@AfterSuite killTask" time="0.0" classname="com.cropin.baseutil.BaseTest">
    <ignored/>
  </testcase> <!-- @AfterSuite killTask -->
  <testcase name="@AfterSuite killTask" time="0.0" classname="com.cropin.baseutil.BaseTest">
    <ignored/>
  </testcase> <!-- @AfterSuite killTask -->
  <testcase name="@AfterSuite killTask" time="0.0" classname="com.cropin.baseutil.BaseTest">
    <ignored/>
  </testcase> <!-- @AfterSuite killTask -->
  <testcase name="@AfterSuite killTask" time="0.0" classname="com.cropin.baseutil.BaseTest">
    <ignored/>
  </testcase> <!-- @AfterSuite killTask -->
  <testcase name="@AfterSuite killTask" time="0.0" classname="com.cropin.baseutil.BaseTest">
    <ignored/>
  </testcase> <!-- @AfterSuite killTask -->
  <testcase name="@AfterSuite killTask" time="0.0" classname="com.cropin.baseutil.BaseTest">
    <ignored/>
  </testcase> <!-- @AfterSuite killTask -->
  <testcase name="@AfterSuite killTask" time="0.0" classname="com.cropin.baseutil.BaseTest">
    <ignored/>
  </testcase> <!-- @AfterSuite killTask -->
  <testcase name="@AfterSuite killTask" time="0.0" classname="com.cropin.baseutil.BaseTest">
    <ignored/>
  </testcase> <!-- @AfterSuite killTask -->
  <testcase name="@AfterSuite killTask" time="0.0" classname="com.cropin.baseutil.BaseTest">
    <ignored/>
  </testcase> <!-- @AfterSuite killTask -->
  <testcase name="@AfterSuite killTask" time="0.0" classname="com.cropin.baseutil.BaseTest">
    <ignored/>
  </testcase> <!-- @AfterSuite killTask -->
  <testcase name="@AfterSuite killTask" time="0.0" classname="com.cropin.baseutil.BaseTest">
    <ignored/>
  </testcase> <!-- @AfterSuite killTask -->
  <testcase name="@AfterSuite killTask" time="0.0" classname="com.cropin.baseutil.BaseTest">
    <ignored/>
  </testcase> <!-- @AfterSuite killTask -->
  <testcase name="@AfterSuite killTask" time="0.0" classname="com.cropin.baseutil.BaseTest">
    <ignored/>
  </testcase> <!-- @AfterSuite killTask -->
  <testcase name="@AfterSuite killTask" time="0.0" classname="com.cropin.baseutil.BaseTest">
    <ignored/>
  </testcase> <!-- @AfterSuite killTask -->
  <testcase name="@AfterSuite killTask" time="0.0" classname="com.cropin.baseutil.BaseTest">
    <ignored/>
  </testcase> <!-- @AfterSuite killTask -->
  <testcase name="@AfterSuite killTask" time="0.0" classname="com.cropin.baseutil.BaseTest">
    <ignored/>
  </testcase> <!-- @AfterSuite killTask -->
  <testcase name="@AfterSuite killTask" time="0.0" classname="com.cropin.baseutil.BaseTest">
    <ignored/>
  </testcase> <!-- @AfterSuite killTask -->
  <testcase name="@AfterSuite killTask" time="0.0" classname="com.cropin.baseutil.BaseTest">
    <ignored/>
  </testcase> <!-- @AfterSuite killTask -->
  <testcase name="@BeforeSuite createFiles" time="0.0" classname="com.cropin.baseutil.BaseTest">
    <ignored/>
  </testcase> <!-- @BeforeSuite createFiles -->
  <testcase name="@BeforeSuite createFiles" time="0.0" classname="com.cropin.baseutil.BaseTest">
    <ignored/>
  </testcase> <!-- @BeforeSuite createFiles -->
  <testcase name="@BeforeSuite createFiles" time="0.0" classname="com.cropin.baseutil.BaseTest">
    <ignored/>
  </testcase> <!-- @BeforeSuite createFiles -->
  <testcase name="@BeforeSuite createFiles" time="0.0" classname="com.cropin.baseutil.BaseTest">
    <ignored/>
  </testcase> <!-- @BeforeSuite createFiles -->
  <testcase name="@BeforeSuite createFiles" time="0.0" classname="com.cropin.baseutil.BaseTest">
    <ignored/>
  </testcase> <!-- @BeforeSuite createFiles -->
  <testcase name="@BeforeSuite createFiles" time="0.0" classname="com.cropin.baseutil.BaseTest">
    <ignored/>
  </testcase> <!-- @BeforeSuite createFiles -->
  <testcase name="@BeforeSuite createFiles" time="0.0" classname="com.cropin.baseutil.BaseTest">
    <ignored/>
  </testcase> <!-- @BeforeSuite createFiles -->
  <testcase name="@BeforeSuite createFiles" time="0.0" classname="com.cropin.baseutil.BaseTest">
    <ignored/>
  </testcase> <!-- @BeforeSuite createFiles -->
  <testcase name="@BeforeSuite createFiles" time="0.0" classname="com.cropin.baseutil.BaseTest">
    <ignored/>
  </testcase> <!-- @BeforeSuite createFiles -->
  <testcase name="@BeforeSuite createFiles" time="0.0" classname="com.cropin.baseutil.BaseTest">
    <ignored/>
  </testcase> <!-- @BeforeSuite createFiles -->
  <testcase name="@BeforeSuite createFiles" time="0.0" classname="com.cropin.baseutil.BaseTest">
    <ignored/>
  </testcase> <!-- @BeforeSuite createFiles -->
  <testcase name="@BeforeSuite createFiles" time="0.0" classname="com.cropin.baseutil.BaseTest">
    <ignored/>
  </testcase> <!-- @BeforeSuite createFiles -->
  <testcase name="@BeforeSuite createFiles" time="0.0" classname="com.cropin.baseutil.BaseTest">
    <ignored/>
  </testcase> <!-- @BeforeSuite createFiles -->
  <testcase name="@BeforeSuite createFiles" time="0.0" classname="com.cropin.baseutil.BaseTest">
    <ignored/>
  </testcase> <!-- @BeforeSuite createFiles -->
  <testcase name="@BeforeSuite createFiles" time="0.0" classname="com.cropin.baseutil.BaseTest">
    <ignored/>
  </testcase> <!-- @BeforeSuite createFiles -->
  <testcase name="@BeforeSuite createFiles" time="0.0" classname="com.cropin.baseutil.BaseTest">
    <ignored/>
  </testcase> <!-- @BeforeSuite createFiles -->
  <testcase name="@BeforeSuite createFiles" time="0.0" classname="com.cropin.baseutil.BaseTest">
    <ignored/>
  </testcase> <!-- @BeforeSuite createFiles -->
  <testcase name="@BeforeSuite createFiles" time="0.0" classname="com.cropin.baseutil.BaseTest">
    <ignored/>
  </testcase> <!-- @BeforeSuite createFiles -->
  <testcase name="@BeforeSuite createFiles" time="0.0" classname="com.cropin.baseutil.BaseTest">
    <ignored/>
  </testcase> <!-- @BeforeSuite createFiles -->
  <testcase name="@BeforeSuite createFiles" time="0.0" classname="com.cropin.baseutil.BaseTest">
    <ignored/>
  </testcase> <!-- @BeforeSuite createFiles -->
  <testcase name="@BeforeSuite createFiles" time="0.0" classname="com.cropin.baseutil.BaseTest">
    <ignored/>
  </testcase> <!-- @BeforeSuite createFiles -->
  <testcase name="@BeforeSuite createFiles" time="0.0" classname="com.cropin.baseutil.BaseTest">
    <ignored/>
  </testcase> <!-- @BeforeSuite createFiles -->
  <testcase name="@BeforeSuite createFiles" time="0.0" classname="com.cropin.baseutil.BaseTest">
    <ignored/>
  </testcase> <!-- @BeforeSuite createFiles -->
  <testcase name="@BeforeSuite createFiles" time="0.0" classname="com.cropin.baseutil.BaseTest">
    <ignored/>
  </testcase> <!-- @BeforeSuite createFiles -->
  <testcase name="@BeforeSuite createFiles" time="0.0" classname="com.cropin.baseutil.BaseTest">
    <ignored/>
  </testcase> <!-- @BeforeSuite createFiles -->
  <testcase name="@BeforeSuite createFiles" time="0.0" classname="com.cropin.baseutil.BaseTest">
    <ignored/>
  </testcase> <!-- @BeforeSuite createFiles -->
  <testcase name="@BeforeSuite createFiles" time="0.0" classname="com.cropin.baseutil.BaseTest">
    <ignored/>
  </testcase> <!-- @BeforeSuite createFiles -->
  <testcase name="@BeforeSuite createFiles" time="0.0" classname="com.cropin.baseutil.BaseTest">
    <ignored/>
  </testcase> <!-- @BeforeSuite createFiles -->
  <testcase name="@BeforeSuite createFiles" time="0.0" classname="com.cropin.baseutil.BaseTest">
    <ignored/>
  </testcase> <!-- @BeforeSuite createFiles -->
  <testcase name="@BeforeSuite createFiles" time="0.0" classname="com.cropin.baseutil.BaseTest">
    <ignored/>
  </testcase> <!-- @BeforeSuite createFiles -->
  <testcase name="@BeforeSuite createFiles" time="0.0" classname="com.cropin.baseutil.BaseTest">
    <ignored/>
  </testcase> <!-- @BeforeSuite createFiles -->
</testsuite> <!-- Cropin_Test1 -->
