<?xml version="1.0" encoding="UTF-8"?>
<testng-results skipped="0" failed="1" ignored="0" total="1" passed="0">
  <reporter-output>
    <line>
      <![CDATA[Enter the value into  EmployeeID Text box]]>
    </line>
    <line>
      <![CDATA[Enter the value into  Password Text box]]>
    </line>
    <line>
      <![CDATA[Clicking on  Login button]]>
    </line>
    <line>
      <![CDATA[Verify Login button is Clickable or Not]]>
    </line>
    <line>
      <![CDATA[Clicking on  New Requisition option]]>
    </line>
    <line>
      <![CDATA[Verify New Requisition option is Clickable or Not]]>
    </line>
    <line>
      <![CDATA[Clicking on  RequestType dropdown]]>
    </line>
    <line>
      <![CDATA[Verify RequestType dropdown is Clickable or Not]]>
    </line>
    <line>
      <![CDATA[Clicking on  New resource request]]>
    </line>
    <line>
      <![CDATA[Verify New resource request is Clickable or Not]]>
    </line>
    <line>
      <![CDATA[Clicking on  Id skill text box]]>
    </line>
    <line>
      <![CDATA[Verify Id skill text box is Clickable or Not]]>
    </line>
    <line>
      <![CDATA[Enter the value into SkillDetail text box]]>
    </line>
    <line>
      <![CDATA[Clicking on  Plus button under skills]]>
    </line>
    <line>
      <![CDATA[Verify Plus button under skills is Clickable or Not]]>
    </line>
    <line>
      <![CDATA[Click on Element Primary Radio Button]]>
    </line>
    <line>
      <![CDATA[Clicking on  Done button ]]>
    </line>
    <line>
      <![CDATA[Verify Done button  is Clickable or Not]]>
    </line>
    <line>
      <![CDATA[Clicking on  Job tex box detail ]]>
    </line>
    <line>
      <![CDATA[Verify Job tex box detail  is Clickable or Not]]>
    </line>
    <line>
      <![CDATA[Enter the value into Job text box ]]>
    </line>
    <line>
      <![CDATA[no such element: Unable to locate element: {"method":"xpath","selector":"(//strong[text()='Admin lead'])[1]"}
  (Session info: chrome=85.0.4183.102)
For documentation on this error, please visit: https://www.seleniumhq.org/exceptions/no_such_element.html
Build info: version: '3.141.59', revision: 'e82be7d358', time: '2018-11-14T08:25:53'
System info: host: 'HCLT-PC5929-1', ip: '10.98.101.172', os.name: 'Windows Server 2016', os.arch: 'amd64', os.version: '10.0', java.version: '1.8.0_151'
Driver info: org.openqa.selenium.remote.RemoteWebDriver
Capabilities {acceptInsecureCerts: false, browserName: chrome, browserVersion: 85.0.4183.102, chrome: {chromedriverVersion: 84.0.4147.30 (48b3e868b4cc0..., userDataDir: C:\Users\gupta.ami\AppData\...}, goog:chromeOptions: {debuggerAddress: localhost:51716}, javascriptEnabled: true, networkConnectionEnabled: false, pageLoadStrategy: normal, platform: WINDOWS, platformName: WINDOWS, proxy: Proxy(), setWindowRect: true, strictFileInteractability: false, timeouts: {implicit: 0, pageLoad: 300000, script: 30000}, unhandledPromptBehavior: dismiss and notify, webauthn:virtualAuthenticators: true, webdriver.remote.sessionid: 271a9bcc3039e7e2dd1caea78c7...}
Session ID: 271a9bcc3039e7e2dd1caea78c71bb79
*** Element info: {Using=xpath, value=(//strong[text()='Admin lead'])[1]}]]>
    </line>
    <line>
      <![CDATA[Unable to performe action on Job Details ]]>
    </line>
  </reporter-output>
  <suite name="SmartRecruit" duration-ms="48638" started-at="2020-09-18T20:07:26Z" finished-at="2020-09-18T20:08:15Z">
    <groups>
    </groups>
    <test name="POC_Test1" duration-ms="48638" started-at="2020-09-18T20:07:26Z" finished-at="2020-09-18T20:08:15Z">
      <class name="com.hcl.smartrecruit.testscripts.CreateNewRequisition">
        <test-method status="PASS" signature="createFiles()[pri:0, instance:com.hcl.smartrecruit.testscripts.CreateNewRequisition@528c868]" name="createFiles" is-config="true" duration-ms="141" started-at="2020-09-18T20:07:26Z" finished-at="2020-09-18T20:07:26Z">
          <reporter-output>
          </reporter-output>
        </test-method> <!-- createFiles -->
        <test-method status="PASS" signature="launchApp(java.lang.String)[pri:0, instance:com.hcl.smartrecruit.testscripts.CreateNewRequisition@528c868]" name="launchApp" is-config="true" duration-ms="5019" started-at="2020-09-18T20:07:26Z" finished-at="2020-09-18T20:07:31Z">
          <params>
            <param index="0">
              <value>
                <![CDATA[Chrome]]>
              </value>
            </param>
          </params>
          <reporter-output>
          </reporter-output>
        </test-method> <!-- launchApp -->
        <test-method status="PASS" signature="setExtentReport(java.lang.reflect.Method)[pri:0, instance:com.hcl.smartrecruit.testscripts.CreateNewRequisition@528c868]" name="setExtentReport" is-config="true" duration-ms="1" started-at="2020-09-18T20:07:31Z" finished-at="2020-09-18T20:07:31Z">
          <params>
            <param index="0">
              <value>
                <![CDATA[public void com.hcl.smartrecruit.testscripts.CreateNewRequisition.TC_CreateNewRequisitionForm(java.lang.String,java.lang.String,java.lang.String,java.lang.String,java.lang.String,java.lang.String,java.lang.String,java.lang.String,java.lang.String,java.lang.String,java.lang.String,java.lang.String,java.lang.String,java.lang.String,java.lang.String,java.lang.String,java.lang.String,java.lang.String,java.lang.String,java.lang.String,java.lang.String,java.lang.String)]]>
              </value>
            </param>
          </params>
          <reporter-output>
          </reporter-output>
        </test-method> <!-- setExtentReport -->
        <test-method status="FAIL" signature="TC_CreateNewRequisitionForm(java.lang.String, java.lang.String, java.lang.String, java.lang.String, java.lang.String, java.lang.String, java.lang.String, java.lang.String, java.lang.String, java.lang.String, java.lang.String, java.lang.String, java.lang.String, java.lang.String, java.lang.String, java.lang.String, java.lang.String, java.lang.String, java.lang.String, java.lang.String, java.lang.String, java.lang.String)[pri:0, instance:com.hcl.smartrecruit.testscripts.CreateNewRequisition@528c868]" name="TC_CreateNewRequisitionForm" duration-ms="42914" started-at="2020-09-18T20:07:31Z" description="Create Requisition" data-provider="TestDataProvider" finished-at="2020-09-18T20:08:14Z">
          <params>
            <param index="0">
              <value>
                <![CDATA[TECH/CSW]]>
              </value>
            </param>
            <param index="1">
              <value>
                <![CDATA[HCLT - BPR - Smart Recruit (Z/070006)]]>
              </value>
            </param>
            <param index="2">
              <value>
                <![CDATA[Javascript]]>
              </value>
            </param>
            <param index="3">
              <value>
                <![CDATA[ MVC]]>
              </value>
            </param>
            <param index="4">
              <value>
                <![CDATA[Admin lead]]>
              </value>
            </param>
            <param index="5">
              <value>
                <![CDATA[Admin lead]]>
              </value>
            </param>
            <param index="6">
              <value>
                <![CDATA[Full time FTE]]>
              </value>
            </param>
            <param index="7">
              <value>
                <![CDATA[E3]]>
              </value>
            </param>
            <param index="8">
              <value>
                <![CDATA[E3.1]]>
              </value>
            </param>
            <param index="9">
              <value>
                <![CDATA[ENOI]]>
              </value>
            </param>
            <param index="10">
              <value>
                <![CDATA[ENOI]]>
              </value>
            </param>
            <param index="11">
              <value>
                <![CDATA[1-3 Years]]>
              </value>
            </param>
            <param index="12">
              <value>
                <![CDATA[4]]>
              </value>
            </param>
            <param index="13">
              <value>
                <![CDATA[Senior Analyst]]>
              </value>
            </param>
            <param index="14">
              <value>
                <![CDATA[Noida-Sec-16, A-11]]>
              </value>
            </param>
            <param index="15">
              <value>
                <![CDATA[CLIENT LOCATION]]>
              </value>
            </param>
            <param index="16">
              <value>
                <![CDATA[Andhra Pradesh]]>
              </value>
            </param>
            <param index="17">
              <value>
                <![CDATA[Krishna]]>
              </value>
            </param>
            <param index="18">
              <value>
                <![CDATA[Non Billable]]>
              </value>
            </param>
            <param index="19">
              <value>
                <![CDATA[KEDARNATH BHARADWAJ (40104187)]]>
              </value>
            </param>
            <param index="20">
              <value>
                <![CDATA[Saravanan Rangamannar (40103492)]]>
              </value>
            </param>
            <param index="21">
              <value>
                <![CDATA[Approved]]>
              </value>
            </param>
          </params>
          <exception class="java.lang.AssertionError">
            <message>
              <![CDATA[Unable to performe action on Job Details ]]>
            </message>
            <full-stacktrace>
              <![CDATA[java.lang.AssertionError: Unable to performe action on Job Details 
at org.testng.Assert.fail(Assert.java:96)
at com.hcl.smartrecruit.pages.RequisitionRequest_Page.jobDetails(RequisitionRequest_Page.java:386)
at com.hcl.smartrecruit.testscripts.CreateNewRequisition.TC_CreateNewRequisitionForm(CreateNewRequisition.java:30)
at sun.reflect.NativeMethodAccessorImpl.invoke0(Native Method)
at sun.reflect.NativeMethodAccessorImpl.invoke(Unknown Source)
at sun.reflect.DelegatingMethodAccessorImpl.invoke(Unknown Source)
at java.lang.reflect.Method.invoke(Unknown Source)
at org.testng.internal.MethodInvocationHelper.invokeMethod(MethodInvocationHelper.java:124)
at org.testng.internal.Invoker.invokeMethod(Invoker.java:583)
at org.testng.internal.Invoker.invokeTestMethod(Invoker.java:719)
at org.testng.internal.Invoker.invokeTestMethods(Invoker.java:989)
at org.testng.internal.TestMethodWorker.invokeTestMethods(TestMethodWorker.java:125)
at org.testng.internal.TestMethodWorker.run(TestMethodWorker.java:109)
at org.testng.TestRunner.privateRun(TestRunner.java:648)
at org.testng.TestRunner.run(TestRunner.java:505)
at org.testng.SuiteRunner.runTest(SuiteRunner.java:455)
at org.testng.SuiteRunner.runSequentially(SuiteRunner.java:450)
at org.testng.SuiteRunner.privateRun(SuiteRunner.java:415)
at org.testng.SuiteRunner.run(SuiteRunner.java:364)
at org.testng.SuiteRunnerWorker.runSuite(SuiteRunnerWorker.java:52)
at org.testng.SuiteRunnerWorker.run(SuiteRunnerWorker.java:84)
at org.testng.TestNG.runSuitesSequentially(TestNG.java:1208)
at org.testng.TestNG.runSuitesLocally(TestNG.java:1137)
at org.testng.TestNG.runSuites(TestNG.java:1049)
at org.testng.TestNG.run(TestNG.java:1017)
at org.testng.remote.AbstractRemoteTestNG.run(AbstractRemoteTestNG.java:132)
at org.testng.remote.RemoteTestNG.initAndRun(RemoteTestNG.java:230)
at org.testng.remote.RemoteTestNG.main(RemoteTestNG.java:76)
]]>
            </full-stacktrace>
          </exception> <!-- java.lang.AssertionError -->
          <reporter-output>
            <line>
              <![CDATA[Enter the value into  EmployeeID Text box]]>
            </line>
            <line>
              <![CDATA[Enter the value into  Password Text box]]>
            </line>
            <line>
              <![CDATA[Clicking on  Login button]]>
            </line>
            <line>
              <![CDATA[Verify Login button is Clickable or Not]]>
            </line>
            <line>
              <![CDATA[Clicking on  New Requisition option]]>
            </line>
            <line>
              <![CDATA[Verify New Requisition option is Clickable or Not]]>
            </line>
            <line>
              <![CDATA[Clicking on  RequestType dropdown]]>
            </line>
            <line>
              <![CDATA[Verify RequestType dropdown is Clickable or Not]]>
            </line>
            <line>
              <![CDATA[Clicking on  New resource request]]>
            </line>
            <line>
              <![CDATA[Verify New resource request is Clickable or Not]]>
            </line>
            <line>
              <![CDATA[Clicking on  Id skill text box]]>
            </line>
            <line>
              <![CDATA[Verify Id skill text box is Clickable or Not]]>
            </line>
            <line>
              <![CDATA[Enter the value into SkillDetail text box]]>
            </line>
            <line>
              <![CDATA[Clicking on  Plus button under skills]]>
            </line>
            <line>
              <![CDATA[Verify Plus button under skills is Clickable or Not]]>
            </line>
            <line>
              <![CDATA[Click on Element Primary Radio Button]]>
            </line>
            <line>
              <![CDATA[Clicking on  Done button ]]>
            </line>
            <line>
              <![CDATA[Verify Done button  is Clickable or Not]]>
            </line>
            <line>
              <![CDATA[Clicking on  Job tex box detail ]]>
            </line>
            <line>
              <![CDATA[Verify Job tex box detail  is Clickable or Not]]>
            </line>
            <line>
              <![CDATA[Enter the value into Job text box ]]>
            </line>
            <line>
              <![CDATA[no such element: Unable to locate element: {"method":"xpath","selector":"(//strong[text()='Admin lead'])[1]"}
  (Session info: chrome=85.0.4183.102)
For documentation on this error, please visit: https://www.seleniumhq.org/exceptions/no_such_element.html
Build info: version: '3.141.59', revision: 'e82be7d358', time: '2018-11-14T08:25:53'
System info: host: 'HCLT-PC5929-1', ip: '10.98.101.172', os.name: 'Windows Server 2016', os.arch: 'amd64', os.version: '10.0', java.version: '1.8.0_151'
Driver info: org.openqa.selenium.remote.RemoteWebDriver
Capabilities {acceptInsecureCerts: false, browserName: chrome, browserVersion: 85.0.4183.102, chrome: {chromedriverVersion: 84.0.4147.30 (48b3e868b4cc0..., userDataDir: C:\Users\gupta.ami\AppData\...}, goog:chromeOptions: {debuggerAddress: localhost:51716}, javascriptEnabled: true, networkConnectionEnabled: false, pageLoadStrategy: normal, platform: WINDOWS, platformName: WINDOWS, proxy: Proxy(), setWindowRect: true, strictFileInteractability: false, timeouts: {implicit: 0, pageLoad: 300000, script: 30000}, unhandledPromptBehavior: dismiss and notify, webauthn:virtualAuthenticators: true, webdriver.remote.sessionid: 271a9bcc3039e7e2dd1caea78c7...}
Session ID: 271a9bcc3039e7e2dd1caea78c71bb79
*** Element info: {Using=xpath, value=(//strong[text()='Admin lead'])[1]}]]>
            </line>
            <line>
              <![CDATA[Unable to performe action on Job Details ]]>
            </line>
          </reporter-output>
        </test-method> <!-- TC_CreateNewRequisitionForm -->
        <test-method status="PASS" signature="closeBrowser()[pri:0, instance:com.hcl.smartrecruit.testscripts.CreateNewRequisition@528c868]" name="closeBrowser" is-config="true" duration-ms="94" started-at="2020-09-18T20:08:15Z" finished-at="2020-09-18T20:08:15Z">
          <reporter-output>
          </reporter-output>
        </test-method> <!-- closeBrowser -->
        <test-method status="PASS" signature="killTask(java.lang.String)[pri:0, instance:com.hcl.smartrecruit.testscripts.CreateNewRequisition@528c868]" name="killTask" is-config="true" duration-ms="31" started-at="2020-09-18T20:08:15Z" finished-at="2020-09-18T20:08:15Z">
          <params>
            <param index="0">
              <value>
                <![CDATA[Chrome]]>
              </value>
            </param>
          </params>
          <reporter-output>
          </reporter-output>
        </test-method> <!-- killTask -->
      </class> <!-- com.hcl.smartrecruit.testscripts.CreateNewRequisition -->
    </test> <!-- POC_Test1 -->
  </suite> <!-- SmartRecruit -->
</testng-results>
