<?xml version="1.0" encoding="UTF-8"?>
<!-- Generated by org.testng.reporters.JUnitReportReporter -->
<testsuite skipped="0" hostname="HCLT-PC5929-1" name="com.hcl.smartrecruit.testscripts.ApproveAllRequisition" tests="1" failures="1" timestamp="21 Sep 2020 09:51:52 GMT" time="520.661" errors="0">
  <testcase name="TC_ApproveAllRequisition" time="520.661" classname="com.hcl.smartrecruit.testscripts.ApproveAllRequisition">
    <failure type="java.lang.AssertionError" message="Unable to type in Remarks text box">
      <![CDATA[java.lang.AssertionError: Unable to type in Remarks text box
at org.testng.Assert.fail(Assert.java:96)
at com.hcl.smartrecruit.util.WebActionUtil.typeText(WebActionUtil.java:272)
at com.hcl.smartrecruit.pages.ApproveAllRequisition_Page.approveRequistionStage3(ApproveAllRequisition_Page.java:154)
at com.hcl.smartrecruit.testscripts.ApproveAllRequisition.TC_ApproveAllRequisition(ApproveAllRequisition.java:53)
at sun.reflect.NativeMethodAccessorImpl.invoke0(Native Method)
at sun.reflect.NativeMethodAccessorImpl.invoke(Unknown Source)
at sun.reflect.DelegatingMethodAccessorImpl.invoke(Unknown Source)
at java.lang.reflect.Method.invoke(Unknown Source)
at org.testng.internal.MethodInvocationHelper.invokeMethod(MethodInvocationHelper.java:124)
at org.testng.internal.Invoker.invokeMethod(Invoker.java:583)
at org.testng.internal.Invoker.invokeTestMethod(Invoker.java:719)
at org.testng.internal.Invoker.invokeTestMethods(Invoker.java:989)
at org.testng.internal.TestMethodWorker.invokeTestMethods(TestMethodWorker.java:125)
at org.testng.internal.TestMethodWorker.run(TestMethodWorker.java:109)
at org.testng.TestRunner.privateRun(TestRunner.java:648)
at org.testng.TestRunner.run(TestRunner.java:505)
at org.testng.SuiteRunner.runTest(SuiteRunner.java:455)
at org.testng.SuiteRunner.runSequentially(SuiteRunner.java:450)
at org.testng.SuiteRunner.privateRun(SuiteRunner.java:415)
at org.testng.SuiteRunner.run(SuiteRunner.java:364)
at org.testng.SuiteRunnerWorker.runSuite(SuiteRunnerWorker.java:52)
at org.testng.SuiteRunnerWorker.run(SuiteRunnerWorker.java:84)
at org.testng.TestNG.runSuitesSequentially(TestNG.java:1208)
at org.testng.TestNG.runSuitesLocally(TestNG.java:1137)
at org.testng.TestNG.runSuites(TestNG.java:1049)
at org.testng.TestNG.run(TestNG.java:1017)
at org.testng.TestNG.privateMain(TestNG.java:1354)
at org.testng.TestNG.main(TestNG.java:1323)
]]>
    </failure>
  </testcase> <!-- TC_ApproveAllRequisition -->
</testsuite> <!-- com.hcl.smartrecruit.testscripts.ApproveAllRequisition -->
